<html>
<head>
<title>TestNG:  ContraSteril4m.atest Test</title>
<link href="../testng.css" rel="stylesheet" type="text/css" />
<link href="../my-testng.css" rel="stylesheet" type="text/css" />

<style type="text/css">
.log { display: none;} 
.stack-trace { display: none;} 
</style>
<script type="text/javascript">
<!--
function flip(e) {
  current = e.style.display;
  if (current == 'block') {
    e.style.display = 'none';
    return 0;
  }
  else {
    e.style.display = 'block';
    return 1;
  }
}

function toggleBox(szDivId, elem, msg1, msg2)
{
  var res = -1;  if (document.getElementById) {
    res = flip(document.getElementById(szDivId));
  }
  else if (document.all) {
    // this is the way old msie versions work
    res = flip(document.all[szDivId]);
  }
  if(elem) {
    if(res == 0) elem.innerHTML = msg1; else elem.innerHTML = msg2;
  }

}

function toggleAllBoxes() {
  if (document.getElementsByTagName) {
    d = document.getElementsByTagName('div');
    for (i = 0; i < d.length; i++) {
      if (d[i].className == 'log') {
        flip(d[i]);
      }
    }
  }
}

// -->
</script>

</head>
<body>
<h2 align='center'>ContraSteril4m.atest Test</h2><table border='1' align="center">
<tr>
<td>Tests passed/Failed/Skipped:</td><td>0/5/0</td>
</tr><tr>
<td>Started on:</td><td>Sat Feb 28 14:21:07 PST 2009</td>
</tr>
<tr><td>Total time:</td><td>19 seconds (19393 ms)</td>
</tr><tr>
<td>Included groups:</td><td></td>
</tr><tr>
<td>Excluded groups:</td><td></td>
</tr>
</table><p/>
<small><i>(Hover the method name to see the test class name)</i></small><p/>
<table width='100%' border='1' class='invocation-failed'>
<tr><td colspan='3' align='center'><b>FAILED TESTS</b></td></tr>
<tr><td><b>Test method</b></td>
<td width="10%"><b>Time (seconds)</b></td>
<td width="30%"><b>Exception</b></td>
</tr>
<tr>
<td title='com.metascape.escape.testng.runtime.ParameterTest.runModel (Contraception Sterilization 4m: Cross Check of Married Covariates for Sterilization Equations Among Marrieds [ContraSteril4m])()'>runModel<br/>
<a href="#Output-632845183" onClick='toggleBox("Output-632845183", this, "Show output", "Hide output");'>Show output</a>

<a href="#Output-632845183" onClick="toggleAllBoxes();">Show all outputs</a>
<div class='log' id="Output-632845183">
<b>Contraception Sterilization 4m: Cross Check of Married Covariates for Sterilization Equations Among Marrieds _0</b><br/>
This test sets all values for the pill covariates in the unmarried sterilization equations equal to an extremely high number, which should have no effect on sterilization among marrieds.<br/>
<a href="../../tests/ContraSteril4m.atest">Test File</a><br/>
<a href="../../tests/ContraSteril4m.apar">Parameters</a><br/>
<a href="../logs/ContraSteril4m_0.log">Log</a><br/>
<a href="../results/ContraSteril4m_0.ares">Results</a><br/>
</div>
</td>
<td>17</td>
<td><div><pre>java.lang.AssertionError: 
Count Adult Sterilized Contraception Method 2391.0 &gt; 2205.945
	at com.metascape.escape.testng.runtime.ParameterTest.runModel(ParameterTest.java:274)
	at java.util.concurrent.ThreadPoolExecutor$Worker.runTask(ThreadPoolExecutor.java:885)
	at java.util.concurrent.ThreadPoolExecutor$Worker.run(ThreadPoolExecutor.java:907)
	at java.lang.Thread.run(Thread.java:637)
... Removed 12 stack frames</pre></div><a href='#' onClick='toggleBox("stack-trace632845183", this, "Click to show all stack frames", "Click to hide stack frames")'>Click to show all stack frames</a>
<div class='stack-trace' id='stack-trace632845183'><pre>java.lang.AssertionError: 
Count Adult Sterilized Contraception Method 2391.0 &gt; 2205.945
	at org.testng.Assert.fail(Assert.java:84)
	at com.metascape.escape.testng.runtime.ParameterTest.runModel(ParameterTest.java:274)
	at sun.reflect.NativeMethodAccessorImpl.invoke0(Native Method)
	at sun.reflect.NativeMethodAccessorImpl.invoke(NativeMethodAccessorImpl.java:39)
	at sun.reflect.DelegatingMethodAccessorImpl.invoke(DelegatingMethodAccessorImpl.java:25)
	at java.lang.reflect.Method.invoke(Method.java:597)
	at org.testng.internal.MethodHelper.invokeMethod(MethodHelper.java:580)
	at org.testng.internal.Invoker.invokeMethod(Invoker.java:478)
	at org.testng.internal.Invoker.invokeTestMethod(Invoker.java:617)
	at org.testng.internal.Invoker.invokeTestMethods(Invoker.java:885)
	at org.testng.internal.TestMethodWorker.invokeTestMethods(TestMethodWorker.java:126)
	at org.testng.internal.TestMethodWorker.run(TestMethodWorker.java:110)
	at org.testng.internal.thread.ThreadUtil$CountDownLatchedRunnable.run(ThreadUtil.java:132)
	at java.util.concurrent.ThreadPoolExecutor$Worker.runTask(ThreadPoolExecutor.java:885)
	at java.util.concurrent.ThreadPoolExecutor$Worker.run(ThreadPoolExecutor.java:907)
	at java.lang.Thread.run(Thread.java:637)
</pre></div></td>
</tr>
<tr>
<td title='com.metascape.escape.testng.runtime.ParameterTest.runModel (Contraception Sterilization 4m: Cross Check of Married Covariates for Sterilization Equations Among Marrieds [ContraSteril4m])()'>runModel<br/>
<a href="#Output-2036384282" onClick='toggleBox("Output-2036384282", this, "Show output", "Hide output");'>Show output</a>

<a href="#Output-2036384282" onClick="toggleAllBoxes();">Show all outputs</a>
<div class='log' id="Output-2036384282">
<b>Contraception Sterilization 4m: Cross Check of Married Covariates for Sterilization Equations Among Marrieds _4</b><br/>
This test sets all values for the pill covariates in the unmarried sterilization equations equal to an extremely high number, which should have no effect on sterilization among marrieds.<br/>
<a href="../../tests/ContraSteril4m.atest">Test File</a><br/>
<a href="../../tests/ContraSteril4m.apar">Parameters</a><br/>
<a href="../logs/ContraSteril4m_4.log">Log</a><br/>
<a href="../results/ContraSteril4m_4.ares">Results</a><br/>
</div>
</td>
<td>18</td>
<td><div><pre>java.lang.AssertionError: 
Count Adult Sterilized Contraception Method 2320.0 &gt; 2205.945
	at com.metascape.escape.testng.runtime.ParameterTest.runModel(ParameterTest.java:274)
	at java.util.concurrent.ThreadPoolExecutor$Worker.runTask(ThreadPoolExecutor.java:885)
	at java.util.concurrent.ThreadPoolExecutor$Worker.run(ThreadPoolExecutor.java:907)
	at java.lang.Thread.run(Thread.java:637)
... Removed 12 stack frames</pre></div><a href='#' onClick='toggleBox("stack-trace2036384282", this, "Click to show all stack frames", "Click to hide stack frames")'>Click to show all stack frames</a>
<div class='stack-trace' id='stack-trace2036384282'><pre>java.lang.AssertionError: 
Count Adult Sterilized Contraception Method 2320.0 &gt; 2205.945
	at org.testng.Assert.fail(Assert.java:84)
	at com.metascape.escape.testng.runtime.ParameterTest.runModel(ParameterTest.java:274)
	at sun.reflect.NativeMethodAccessorImpl.invoke0(Native Method)
	at sun.reflect.NativeMethodAccessorImpl.invoke(NativeMethodAccessorImpl.java:39)
	at sun.reflect.DelegatingMethodAccessorImpl.invoke(DelegatingMethodAccessorImpl.java:25)
	at java.lang.reflect.Method.invoke(Method.java:597)
	at org.testng.internal.MethodHelper.invokeMethod(MethodHelper.java:580)
	at org.testng.internal.Invoker.invokeMethod(Invoker.java:478)
	at org.testng.internal.Invoker.invokeTestMethod(Invoker.java:617)
	at org.testng.internal.Invoker.invokeTestMethods(Invoker.java:885)
	at org.testng.internal.TestMethodWorker.invokeTestMethods(TestMethodWorker.java:126)
	at org.testng.internal.TestMethodWorker.run(TestMethodWorker.java:110)
	at org.testng.internal.thread.ThreadUtil$CountDownLatchedRunnable.run(ThreadUtil.java:132)
	at java.util.concurrent.ThreadPoolExecutor$Worker.runTask(ThreadPoolExecutor.java:885)
	at java.util.concurrent.ThreadPoolExecutor$Worker.run(ThreadPoolExecutor.java:907)
	at java.lang.Thread.run(Thread.java:637)
</pre></div></td>
</tr>
<tr>
<td title='com.metascape.escape.testng.runtime.ParameterTest.runModel (Contraception Sterilization 4m: Cross Check of Married Covariates for Sterilization Equations Among Marrieds [ContraSteril4m])()'>runModel<br/>
<a href="#Output-1534797586" onClick='toggleBox("Output-1534797586", this, "Show output", "Hide output");'>Show output</a>

<a href="#Output-1534797586" onClick="toggleAllBoxes();">Show all outputs</a>
<div class='log' id="Output-1534797586">
<b>Contraception Sterilization 4m: Cross Check of Married Covariates for Sterilization Equations Among Marrieds _2</b><br/>
This test sets all values for the pill covariates in the unmarried sterilization equations equal to an extremely high number, which should have no effect on sterilization among marrieds.<br/>
<a href="../../tests/ContraSteril4m.atest">Test File</a><br/>
<a href="../../tests/ContraSteril4m.apar">Parameters</a><br/>
<a href="../logs/ContraSteril4m_2.log">Log</a><br/>
<a href="../results/ContraSteril4m_2.ares">Results</a><br/>
</div>
</td>
<td>18</td>
<td><div><pre>java.lang.AssertionError: 
Count Adult Sterilized Contraception Method 2311.0 &gt; 2205.945
	at com.metascape.escape.testng.runtime.ParameterTest.runModel(ParameterTest.java:274)
	at java.util.concurrent.ThreadPoolExecutor$Worker.runTask(ThreadPoolExecutor.java:885)
	at java.util.concurrent.ThreadPoolExecutor$Worker.run(ThreadPoolExecutor.java:907)
	at java.lang.Thread.run(Thread.java:637)
... Removed 12 stack frames</pre></div><a href='#' onClick='toggleBox("stack-trace1534797586", this, "Click to show all stack frames", "Click to hide stack frames")'>Click to show all stack frames</a>
<div class='stack-trace' id='stack-trace1534797586'><pre>java.lang.AssertionError: 
Count Adult Sterilized Contraception Method 2311.0 &gt; 2205.945
	at org.testng.Assert.fail(Assert.java:84)
	at com.metascape.escape.testng.runtime.ParameterTest.runModel(ParameterTest.java:274)
	at sun.reflect.NativeMethodAccessorImpl.invoke0(Native Method)
	at sun.reflect.NativeMethodAccessorImpl.invoke(NativeMethodAccessorImpl.java:39)
	at sun.reflect.DelegatingMethodAccessorImpl.invoke(DelegatingMethodAccessorImpl.java:25)
	at java.lang.reflect.Method.invoke(Method.java:597)
	at org.testng.internal.MethodHelper.invokeMethod(MethodHelper.java:580)
	at org.testng.internal.Invoker.invokeMethod(Invoker.java:478)
	at org.testng.internal.Invoker.invokeTestMethod(Invoker.java:617)
	at org.testng.internal.Invoker.invokeTestMethods(Invoker.java:885)
	at org.testng.internal.TestMethodWorker.invokeTestMethods(TestMethodWorker.java:126)
	at org.testng.internal.TestMethodWorker.run(TestMethodWorker.java:110)
	at org.testng.internal.thread.ThreadUtil$CountDownLatchedRunnable.run(ThreadUtil.java:132)
	at java.util.concurrent.ThreadPoolExecutor$Worker.runTask(ThreadPoolExecutor.java:885)
	at java.util.concurrent.ThreadPoolExecutor$Worker.run(ThreadPoolExecutor.java:907)
	at java.lang.Thread.run(Thread.java:637)
</pre></div></td>
</tr>
<tr>
<td title='com.metascape.escape.testng.runtime.ParameterTest.runModel (Contraception Sterilization 4m: Cross Check of Married Covariates for Sterilization Equations Among Marrieds [ContraSteril4m])()'>runModel<br/>
<a href="#Output-1427582905" onClick='toggleBox("Output-1427582905", this, "Show output", "Hide output");'>Show output</a>

<a href="#Output-1427582905" onClick="toggleAllBoxes();">Show all outputs</a>
<div class='log' id="Output-1427582905">
<b>Contraception Sterilization 4m: Cross Check of Married Covariates for Sterilization Equations Among Marrieds _3</b><br/>
This test sets all values for the pill covariates in the unmarried sterilization equations equal to an extremely high number, which should have no effect on sterilization among marrieds.<br/>
<a href="../../tests/ContraSteril4m.atest">Test File</a><br/>
<a href="../../tests/ContraSteril4m.apar">Parameters</a><br/>
<a href="../logs/ContraSteril4m_3.log">Log</a><br/>
<a href="../results/ContraSteril4m_3.ares">Results</a><br/>
</div>
</td>
<td>19</td>
<td><div><pre>java.lang.AssertionError: 
Count Adult Sterilized Contraception Method 2349.0 &gt; 2205.945
	at com.metascape.escape.testng.runtime.ParameterTest.runModel(ParameterTest.java:274)
	at java.util.concurrent.ThreadPoolExecutor$Worker.runTask(ThreadPoolExecutor.java:885)
	at java.util.concurrent.ThreadPoolExecutor$Worker.run(ThreadPoolExecutor.java:907)
	at java.lang.Thread.run(Thread.java:637)
... Removed 12 stack frames</pre></div><a href='#' onClick='toggleBox("stack-trace1427582905", this, "Click to show all stack frames", "Click to hide stack frames")'>Click to show all stack frames</a>
<div class='stack-trace' id='stack-trace1427582905'><pre>java.lang.AssertionError: 
Count Adult Sterilized Contraception Method 2349.0 &gt; 2205.945
	at org.testng.Assert.fail(Assert.java:84)
	at com.metascape.escape.testng.runtime.ParameterTest.runModel(ParameterTest.java:274)
	at sun.reflect.NativeMethodAccessorImpl.invoke0(Native Method)
	at sun.reflect.NativeMethodAccessorImpl.invoke(NativeMethodAccessorImpl.java:39)
	at sun.reflect.DelegatingMethodAccessorImpl.invoke(DelegatingMethodAccessorImpl.java:25)
	at java.lang.reflect.Method.invoke(Method.java:597)
	at org.testng.internal.MethodHelper.invokeMethod(MethodHelper.java:580)
	at org.testng.internal.Invoker.invokeMethod(Invoker.java:478)
	at org.testng.internal.Invoker.invokeTestMethod(Invoker.java:617)
	at org.testng.internal.Invoker.invokeTestMethods(Invoker.java:885)
	at org.testng.internal.TestMethodWorker.invokeTestMethods(TestMethodWorker.java:126)
	at org.testng.internal.TestMethodWorker.run(TestMethodWorker.java:110)
	at org.testng.internal.thread.ThreadUtil$CountDownLatchedRunnable.run(ThreadUtil.java:132)
	at java.util.concurrent.ThreadPoolExecutor$Worker.runTask(ThreadPoolExecutor.java:885)
	at java.util.concurrent.ThreadPoolExecutor$Worker.run(ThreadPoolExecutor.java:907)
	at java.lang.Thread.run(Thread.java:637)
</pre></div></td>
</tr>
<tr>
<td title='com.metascape.escape.testng.runtime.ParameterTest.runModel (Contraception Sterilization 4m: Cross Check of Married Covariates for Sterilization Equations Among Marrieds [ContraSteril4m])()'>runModel<br/>
<a href="#Output-1524522201" onClick='toggleBox("Output-1524522201", this, "Show output", "Hide output");'>Show output</a>

<a href="#Output-1524522201" onClick="toggleAllBoxes();">Show all outputs</a>
<div class='log' id="Output-1524522201">
<b>Contraception Sterilization 4m: Cross Check of Married Covariates for Sterilization Equations Among Marrieds _1</b><br/>
This test sets all values for the pill covariates in the unmarried sterilization equations equal to an extremely high number, which should have no effect on sterilization among marrieds.<br/>
<a href="../../tests/ContraSteril4m.atest">Test File</a><br/>
<a href="../../tests/ContraSteril4m.apar">Parameters</a><br/>
<a href="../logs/ContraSteril4m_1.log">Log</a><br/>
<a href="../results/ContraSteril4m_1.ares">Results</a><br/>
</div>
</td>
<td>19</td>
<td><div><pre>java.lang.AssertionError: 
Count Adult Sterilized Contraception Method 2310.0 &gt; 2205.945
	at com.metascape.escape.testng.runtime.ParameterTest.runModel(ParameterTest.java:274)
	at java.util.concurrent.ThreadPoolExecutor$Worker.runTask(ThreadPoolExecutor.java:885)
	at java.util.concurrent.ThreadPoolExecutor$Worker.run(ThreadPoolExecutor.java:907)
	at java.lang.Thread.run(Thread.java:637)
... Removed 12 stack frames</pre></div><a href='#' onClick='toggleBox("stack-trace1524522201", this, "Click to show all stack frames", "Click to hide stack frames")'>Click to show all stack frames</a>
<div class='stack-trace' id='stack-trace1524522201'><pre>java.lang.AssertionError: 
Count Adult Sterilized Contraception Method 2310.0 &gt; 2205.945
	at org.testng.Assert.fail(Assert.java:84)
	at com.metascape.escape.testng.runtime.ParameterTest.runModel(ParameterTest.java:274)
	at sun.reflect.NativeMethodAccessorImpl.invoke0(Native Method)
	at sun.reflect.NativeMethodAccessorImpl.invoke(NativeMethodAccessorImpl.java:39)
	at sun.reflect.DelegatingMethodAccessorImpl.invoke(DelegatingMethodAccessorImpl.java:25)
	at java.lang.reflect.Method.invoke(Method.java:597)
	at org.testng.internal.MethodHelper.invokeMethod(MethodHelper.java:580)
	at org.testng.internal.Invoker.invokeMethod(Invoker.java:478)
	at org.testng.internal.Invoker.invokeTestMethod(Invoker.java:617)
	at org.testng.internal.Invoker.invokeTestMethods(Invoker.java:885)
	at org.testng.internal.TestMethodWorker.invokeTestMethods(TestMethodWorker.java:126)
	at org.testng.internal.TestMethodWorker.run(TestMethodWorker.java:110)
	at org.testng.internal.thread.ThreadUtil$CountDownLatchedRunnable.run(ThreadUtil.java:132)
	at java.util.concurrent.ThreadPoolExecutor$Worker.runTask(ThreadPoolExecutor.java:885)
	at java.util.concurrent.ThreadPoolExecutor$Worker.run(ThreadPoolExecutor.java:907)
	at java.lang.Thread.run(Thread.java:637)
</pre></div></td>
</tr>
</table><p>
</body>
</html>